Using pre-set license
Built from '2020.2/release' branch; Version is '2020.2.2f1 (068178b99f32) revision 426360'; Using compiler version '192528614'; Build Type 'Release'
OS: 'Windows 10 Pro; OS build 19041.928; Version 2004; 64bit' Language: 'en' Physical Memory: 16310 MB
BatchMode: 1, IsHumanControllingUs: 0, StartBugReporterOnCrash: 0, Is64bit: 1, IsPro: 0

 COMMAND LINE ARGUMENTS:
D:\Unity Materials\2020.2.2f1\Editor\Unity.exe
-adb2
-batchMode
-noUpm
-name
AssetImportWorker0
-projectPath
D:/Unity projects/GamePrototype-KillerTire/Tire
-logFile
Logs/AssetImportWorker0.log
-srvPort
54288
Successfully changed project path to: D:/Unity projects/GamePrototype-KillerTire/Tire
D:/Unity projects/GamePrototype-KillerTire/Tire
Using Asset Import Pipeline V2.
Refreshing native plugins compatible for Editor in 30.22 ms, found 0 plugins.
Preloading 0 native plugins for Editor in 0.00 ms.
Initialize engine version: 2020.2.2f1 (068178b99f32)
[Subsystems] Discovering subsystems at path D:/Unity Materials/2020.2.2f1/Editor/Data/Resources/UnitySubsystems
[Subsystems] Discovering subsystems at path D:/Unity projects/GamePrototype-KillerTire/Tire/Assets
GfxDevice: creating device client; threaded=0
Direct3D:
    Version:  Direct3D 11.0 [level 11.1]
    Renderer: NVIDIA GeForce GTX 1070 (ID=0x1b81)
    Vendor:   
    VRAM:     8088 MB
    Driver:   27.21.14.6140
Initialize mono
Mono path[0] = 'D:/Unity Materials/2020.2.2f1/Editor/Data/Managed'
Mono path[1] = 'D:/Unity Materials/2020.2.2f1/Editor/Data/MonoBleedingEdge/lib/mono/unityjit'
Mono config path = 'D:/Unity Materials/2020.2.2f1/Editor/Data/MonoBleedingEdge/etc'
Using monoOptions --debugger-agent=transport=dt_socket,embedding=1,server=y,suspend=n,address=127.0.0.1:56268
Begin MonoManager ReloadAssembly
Registering precompiled unity dll's ...
Register platform support module: D:/Unity Materials/2020.2.2f1/Editor/Data/PlaybackEngines/MacStandaloneSupport/UnityEditor.OSXStandalone.Extensions.dll
Register platform support module: D:/Unity Materials/2020.2.2f1/Editor/Data/PlaybackEngines/WindowsStandaloneSupport/UnityEditor.WindowsStandalone.Extensions.dll
Register platform support module: D:/Unity Materials/2020.2.2f1/Editor/Data/PlaybackEngines/LinuxStandaloneSupport/UnityEditor.LinuxStandalone.Extensions.dll
Registered in 0.002997 seconds.
Native extension for LinuxStandalone target not found
Native extension for WindowsStandalone target not found
Native extension for OSXStandalone target not found
Refreshing native plugins compatible for Editor in 60.33 ms, found 0 plugins.
Preloading 0 native plugins for Editor in 0.00 ms.
Invoked RoslynAnalysisRunner static constructor.
RoslynAnalysisRunner will not be running.
RoslynAnalysisRunner has terminated.
Mono: successfully reloaded assembly
- Completed reload, in  2.521 seconds
Platform modules already initialized, skipping
Registering precompiled user dll's ...
Registered in 0.000745 seconds.
Begin MonoManager ReloadAssembly
Native extension for LinuxStandalone target not found
Native extension for WindowsStandalone target not found
Native extension for OSXStandalone target not found
Refreshing native plugins compatible for Editor in 0.44 ms, found 0 plugins.
Preloading 0 native plugins for Editor in 0.00 ms.
Invoked RoslynAnalysisRunner static constructor.
RoslynAnalysisRunner will not be running.
RoslynAnalysisRunner has terminated.
Mono: successfully reloaded assembly
- Completed reload, in  1.151 seconds
Platform modules already initialized, skipping
========================================================================
Worker process is ready to serve import requests
Launched and connected shader compiler UnityShaderCompiler.exe after 0.04 seconds
Refreshing native plugins compatible for Editor in 0.28 ms, found 0 plugins.
Preloading 0 native plugins for Editor in 0.00 ms.
Unloading 1249 Unused Serialized files (Serialized files now loaded: 0)
System memory in use before: 61.7 MB.
System memory in use after: 61.7 MB.

Unloading 11 unused Assets to reduce memory usage. Loaded Objects now: 1690.
Total: 1.761900 ms (FindLiveObjects: 0.162900 ms CreateObjectMapping: 0.030300 ms MarkObjects: 1.482500 ms  DeleteObjects: 0.085100 ms)

========================================================================
Received Import Request.
  path: Assets/RagdollController.cs
  artifactKey: Guid(bbe8b8f9179434549b5565fc26164dda) Importer(815301076,1909f56bfc062723c751e8b465ee728b)
Start importing Assets/RagdollController.cs using Guid(bbe8b8f9179434549b5565fc26164dda) Importer(815301076,1909f56bfc062723c751e8b465ee728b)  -> (artifact id: 'f2e78ccb2c73cba6ab591af04fc68267') in 0.037334 seconds
  Import took 0.039608 seconds .

========================================================================
Received Prepare
Registering precompiled user dll's ...
Registered in 0.001212 seconds.
Begin MonoManager ReloadAssembly
Native extension for LinuxStandalone target not found
Native extension for WindowsStandalone target not found
Native extension for OSXStandalone target not found
Refreshing native plugins compatible for Editor in 0.28 ms, found 0 plugins.
Preloading 0 native plugins for Editor in 0.00 ms.
Invoked RoslynAnalysisRunner static constructor.
RoslynAnalysisRunner will not be running.
RoslynAnalysisRunner has terminated.
Mono: successfully reloaded assembly
- Completed reload, in  0.820 seconds
Platform modules already initialized, skipping
Refreshing native plugins compatible for Editor in 0.30 ms, found 0 plugins.
Preloading 0 native plugins for Editor in 0.00 ms.
Unloading 1244 Unused Serialized files (Serialized files now loaded: 0)
System memory in use before: 61.9 MB.
System memory in use after: 62.0 MB.

Unloading 6 unused Assets to reduce memory usage. Loaded Objects now: 1693.
Total: 1.711200 ms (FindLiveObjects: 0.166800 ms CreateObjectMapping: 0.029900 ms MarkObjects: 1.453300 ms  DeleteObjects: 0.060000 ms)

========================================================================
Received Import Request.
  Time since last request: 204.011684 seconds.
  path: Assets/RagdollController.cs
  artifactKey: Guid(bbe8b8f9179434549b5565fc26164dda) Importer(815301076,1909f56bfc062723c751e8b465ee728b)
Start importing Assets/RagdollController.cs using Guid(bbe8b8f9179434549b5565fc26164dda) Importer(815301076,1909f56bfc062723c751e8b465ee728b)  -> (artifact id: '3d7db35f390190b53bc20dfa5162c6b5') in 0.004102 seconds
  Import took 0.006195 seconds .

========================================================================
Received Prepare
Registering precompiled user dll's ...
Registered in 0.000666 seconds.
Begin MonoManager ReloadAssembly
Native extension for LinuxStandalone target not found
Native extension for WindowsStandalone target not found
Native extension for OSXStandalone target not found
Refreshing native plugins compatible for Editor in 0.30 ms, found 0 plugins.
Preloading 0 native plugins for Editor in 0.00 ms.
Invoked RoslynAnalysisRunner static constructor.
RoslynAnalysisRunner will not be running.
RoslynAnalysisRunner has terminated.
Mono: successfully reloaded assembly
- Completed reload, in  0.821 seconds
Platform modules already initialized, skipping
Refreshing native plugins compatible for Editor in 0.36 ms, found 0 plugins.
Preloading 0 native plugins for Editor in 0.00 ms.
Unloading 1243 Unused Serialized files (Serialized files now loaded: 0)
System memory in use before: 62.1 MB.
System memory in use after: 62.2 MB.

Unloading 6 unused Assets to reduce memory usage. Loaded Objects now: 1695.
Total: 1.844500 ms (FindLiveObjects: 0.181400 ms CreateObjectMapping: 0.031900 ms MarkObjects: 1.558800 ms  DeleteObjects: 0.071200 ms)

========================================================================
Received Prepare
Registering precompiled user dll's ...
Registered in 0.000582 seconds.
Begin MonoManager ReloadAssembly
Native extension for LinuxStandalone target not found
Native extension for WindowsStandalone target not found
Native extension for OSXStandalone target not found
Refreshing native plugins compatible for Editor in 0.33 ms, found 0 plugins.
Preloading 0 native plugins for Editor in 0.00 ms.
Invoked RoslynAnalysisRunner static constructor.
RoslynAnalysisRunner will not be running.
RoslynAnalysisRunner has terminated.
Mono: successfully reloaded assembly
- Completed reload, in  0.943 seconds
Platform modules already initialized, skipping
Script error: OnCollisionEnter
This message parameter has to be of type: Collision
The message will be ignored.

Refreshing native plugins compatible for Editor in 0.32 ms, found 0 plugins.
Preloading 0 native plugins for Editor in 0.00 ms.
Unloading 1243 Unused Serialized files (Serialized files now loaded: 0)
System memory in use before: 62.5 MB.
System memory in use after: 62.6 MB.

Unloading 6 unused Assets to reduce memory usage. Loaded Objects now: 1697.
Total: 1.747600 ms (FindLiveObjects: 0.204800 ms CreateObjectMapping: 0.031200 ms MarkObjects: 1.450700 ms  DeleteObjects: 0.059600 ms)

========================================================================
Received Prepare
Registering precompiled user dll's ...
Registered in 0.000661 seconds.
Begin MonoManager ReloadAssembly
Native extension for LinuxStandalone target not found
Native extension for WindowsStandalone target not found
Native extension for OSXStandalone target not found
Refreshing native plugins compatible for Editor in 0.29 ms, found 0 plugins.
Preloading 0 native plugins for Editor in 0.00 ms.
Invoked RoslynAnalysisRunner static constructor.
RoslynAnalysisRunner will not be running.
RoslynAnalysisRunner has terminated.
Mono: successfully reloaded assembly
- Completed reload, in  0.802 seconds
Platform modules already initialized, skipping
Refreshing native plugins compatible for Editor in 0.29 ms, found 0 plugins.
Preloading 0 native plugins for Editor in 0.00 ms.
Unloading 1243 Unused Serialized files (Serialized files now loaded: 0)
System memory in use before: 62.6 MB.
System memory in use after: 62.6 MB.

Unloading 6 unused Assets to reduce memory usage. Loaded Objects now: 1699.
Total: 1.796900 ms (FindLiveObjects: 0.162700 ms CreateObjectMapping: 0.031000 ms MarkObjects: 1.541900 ms  DeleteObjects: 0.060200 ms)

========================================================================
Received Prepare
Registering precompiled user dll's ...
Registered in 0.000710 seconds.
Begin MonoManager ReloadAssembly
Native extension for LinuxStandalone target not found
Native extension for WindowsStandalone target not found
Native extension for OSXStandalone target not found
Refreshing native plugins compatible for Editor in 0.30 ms, found 0 plugins.
Preloading 0 native plugins for Editor in 0.00 ms.
Invoked RoslynAnalysisRunner static constructor.
RoslynAnalysisRunner will not be running.
RoslynAnalysisRunner has terminated.
Mono: successfully reloaded assembly
- Completed reload, in  0.802 seconds
Platform modules already initialized, skipping
Refreshing native plugins compatible for Editor in 0.30 ms, found 0 plugins.
Preloading 0 native plugins for Editor in 0.00 ms.
Unloading 1243 Unused Serialized files (Serialized files now loaded: 0)
System memory in use before: 63.0 MB.
System memory in use after: 63.0 MB.

Unloading 6 unused Assets to reduce memory usage. Loaded Objects now: 1701.
Total: 1.704900 ms (FindLiveObjects: 0.168100 ms CreateObjectMapping: 0.031800 ms MarkObjects: 1.448200 ms  DeleteObjects: 0.055700 ms)

========================================================================
Received Prepare
Registering precompiled user dll's ...
Registered in 0.000659 seconds.
Begin MonoManager ReloadAssembly
Native extension for LinuxStandalone target not found
Native extension for WindowsStandalone target not found
Native extension for OSXStandalone target not found
Refreshing native plugins compatible for Editor in 0.29 ms, found 0 plugins.
Preloading 0 native plugins for Editor in 0.00 ms.
Invoked RoslynAnalysisRunner static constructor.
RoslynAnalysisRunner will not be running.
RoslynAnalysisRunner has terminated.
Mono: successfully reloaded assembly
- Completed reload, in  0.819 seconds
Platform modules already initialized, skipping
Refreshing native plugins compatible for Editor in 0.29 ms, found 0 plugins.
Preloading 0 native plugins for Editor in 0.00 ms.
Unloading 1243 Unused Serialized files (Serialized files now loaded: 0)
System memory in use before: 63.2 MB.
System memory in use after: 63.3 MB.

Unloading 6 unused Assets to reduce memory usage. Loaded Objects now: 1703.
Total: 1.898900 ms (FindLiveObjects: 0.167900 ms CreateObjectMapping: 0.030000 ms MarkObjects: 1.633700 ms  DeleteObjects: 0.065700 ms)

========================================================================
Received Prepare
Registering precompiled user dll's ...
Registered in 0.000675 seconds.
Begin MonoManager ReloadAssembly
Native extension for LinuxStandalone target not found
Native extension for WindowsStandalone target not found
Native extension for OSXStandalone target not found
Refreshing native plugins compatible for Editor in 0.29 ms, found 0 plugins.
Preloading 0 native plugins for Editor in 0.00 ms.
Invoked RoslynAnalysisRunner static constructor.
RoslynAnalysisRunner will not be running.
RoslynAnalysisRunner has terminated.
Mono: successfully reloaded assembly
- Completed reload, in  0.834 seconds
Platform modules already initialized, skipping
Refreshing native plugins compatible for Editor in 0.44 ms, found 0 plugins.
Preloading 0 native plugins for Editor in 0.00 ms.
Unloading 1243 Unused Serialized files (Serialized files now loaded: 0)
System memory in use before: 63.4 MB.
System memory in use after: 63.5 MB.

Unloading 6 unused Assets to reduce memory usage. Loaded Objects now: 1705.
Total: 2.197000 ms (FindLiveObjects: 0.251400 ms CreateObjectMapping: 0.049000 ms MarkObjects: 1.829900 ms  DeleteObjects: 0.065300 ms)

========================================================================
Received Prepare
Registering precompiled user dll's ...
Registered in 0.000644 seconds.
Begin MonoManager ReloadAssembly
Native extension for LinuxStandalone target not found
Native extension for WindowsStandalone target not found
Native extension for OSXStandalone target not found
Refreshing native plugins compatible for Editor in 0.34 ms, found 0 plugins.
Preloading 0 native plugins for Editor in 0.00 ms.
Invoked RoslynAnalysisRunner static constructor.
RoslynAnalysisRunner will not be running.
RoslynAnalysisRunner has terminated.
Mono: successfully reloaded assembly
- Completed reload, in  0.789 seconds
Platform modules already initialized, skipping
Refreshing native plugins compatible for Editor in 0.30 ms, found 0 plugins.
Preloading 0 native plugins for Editor in 0.00 ms.
Unloading 1243 Unused Serialized files (Serialized files now loaded: 0)
System memory in use before: 63.6 MB.
System memory in use after: 63.6 MB.

Unloading 6 unused Assets to reduce memory usage. Loaded Objects now: 1707.
Total: 1.714300 ms (FindLiveObjects: 0.171800 ms CreateObjectMapping: 0.031200 ms MarkObjects: 1.454200 ms  DeleteObjects: 0.056100 ms)

========================================================================
Received Prepare
Registering precompiled user dll's ...
Registered in 0.000626 seconds.
Begin MonoManager ReloadAssembly
Native extension for LinuxStandalone target not found
Native extension for WindowsStandalone target not found
Native extension for OSXStandalone target not found
Refreshing native plugins compatible for Editor in 0.28 ms, found 0 plugins.
Preloading 0 native plugins for Editor in 0.00 ms.
Invoked RoslynAnalysisRunner static constructor.
RoslynAnalysisRunner will not be running.
RoslynAnalysisRunner has terminated.
Mono: successfully reloaded assembly
- Completed reload, in  0.788 seconds
Platform modules already initialized, skipping
Refreshing native plugins compatible for Editor in 0.29 ms, found 0 plugins.
Preloading 0 native plugins for Editor in 0.00 ms.
Unloading 1243 Unused Serialized files (Serialized files now loaded: 0)
System memory in use before: 62.9 MB.
System memory in use after: 63.0 MB.

Unloading 6 unused Assets to reduce memory usage. Loaded Objects now: 1709.
Total: 1.842500 ms (FindLiveObjects: 0.177800 ms CreateObjectMapping: 0.030900 ms MarkObjects: 1.569600 ms  DeleteObjects: 0.063100 ms)

========================================================================
Received Prepare
Registering precompiled user dll's ...
Registered in 0.000653 seconds.
Begin MonoManager ReloadAssembly
Native extension for LinuxStandalone target not found
Native extension for WindowsStandalone target not found
Native extension for OSXStandalone target not found
Refreshing native plugins compatible for Editor in 0.30 ms, found 0 plugins.
Preloading 0 native plugins for Editor in 0.00 ms.
Invoked RoslynAnalysisRunner static constructor.
RoslynAnalysisRunner will not be running.
RoslynAnalysisRunner has terminated.
Mono: successfully reloaded assembly
- Completed reload, in  0.799 seconds
Platform modules already initialized, skipping
Refreshing native plugins compatible for Editor in 0.29 ms, found 0 plugins.
Preloading 0 native plugins for Editor in 0.00 ms.
Unloading 1243 Unused Serialized files (Serialized files now loaded: 0)
System memory in use before: 63.2 MB.
System memory in use after: 63.2 MB.

Unloading 6 unused Assets to reduce memory usage. Loaded Objects now: 1711.
Total: 1.698100 ms (FindLiveObjects: 0.163500 ms CreateObjectMapping: 0.031300 ms MarkObjects: 1.440100 ms  DeleteObjects: 0.062000 ms)

========================================================================
Received Prepare
Registering precompiled user dll's ...
Registered in 0.000656 seconds.
Begin MonoManager ReloadAssembly
Native extension for LinuxStandalone target not found
Native extension for WindowsStandalone target not found
Native extension for OSXStandalone target not found
Refreshing native plugins compatible for Editor in 0.36 ms, found 0 plugins.
Preloading 0 native plugins for Editor in 0.00 ms.
Invoked RoslynAnalysisRunner static constructor.
RoslynAnalysisRunner will not be running.
RoslynAnalysisRunner has terminated.
Mono: successfully reloaded assembly
- Completed reload, in  0.828 seconds
Platform modules already initialized, skipping
Refreshing native plugins compatible for Editor in 0.30 ms, found 0 plugins.
Preloading 0 native plugins for Editor in 0.00 ms.
Unloading 1243 Unused Serialized files (Serialized files now loaded: 0)
System memory in use before: 63.4 MB.
System memory in use after: 63.5 MB.

Unloading 6 unused Assets to reduce memory usage. Loaded Objects now: 1713.
Total: 1.795900 ms (FindLiveObjects: 0.200000 ms CreateObjectMapping: 0.040700 ms MarkObjects: 1.498000 ms  DeleteObjects: 0.056300 ms)

========================================================================
Received Prepare
Registering precompiled user dll's ...
Registered in 0.000743 seconds.
Begin MonoManager ReloadAssembly
Native extension for LinuxStandalone target not found
Native extension for WindowsStandalone target not found
Native extension for OSXStandalone target not found
Refreshing native plugins compatible for Editor in 0.32 ms, found 0 plugins.
Preloading 0 native plugins for Editor in 0.00 ms.
Invoked RoslynAnalysisRunner static constructor.
RoslynAnalysisRunner will not be running.
RoslynAnalysisRunner has terminated.
Mono: successfully reloaded assembly
- Completed reload, in  0.848 seconds
Platform modules already initialized, skipping
Refreshing native plugins compatible for Editor in 0.29 ms, found 0 plugins.
Preloading 0 native plugins for Editor in 0.00 ms.
Unloading 1243 Unused Serialized files (Serialized files now loaded: 0)
System memory in use before: 63.6 MB.
System memory in use after: 63.7 MB.

Unloading 6 unused Assets to reduce memory usage. Loaded Objects now: 1715.
Total: 1.789900 ms (FindLiveObjects: 0.234800 ms CreateObjectMapping: 0.042500 ms MarkObjects: 1.449000 ms  DeleteObjects: 0.062600 ms)

========================================================================
Received Import Request.
  Time since last request: 983.811056 seconds.
  path: Assets/Animations/stefani@Walking.fbx
  artifactKey: Guid(63aef3604b50ad14fb59594314023f90) Importer(815301076,1909f56bfc062723c751e8b465ee728b)
Start importing Assets/Animations/stefani@Walking.fbx using Guid(63aef3604b50ad14fb59594314023f90) Importer(815301076,1909f56bfc062723c751e8b465ee728b)  -> (artifact id: '975a43d7dcb86439a9c546c49d964470') in 0.087761 seconds
  Import took 0.090174 seconds .

========================================================================
Received Import Request.
  Time since last request: 23.093541 seconds.
  path: Assets/Animations/stefani.controller
  artifactKey: Guid(e52c4caf01b9a12468d7c7187b8f459b) Importer(815301076,1909f56bfc062723c751e8b465ee728b)
Start importing Assets/Animations/stefani.controller using Guid(e52c4caf01b9a12468d7c7187b8f459b) Importer(815301076,1909f56bfc062723c751e8b465ee728b)  -> (artifact id: '34d26cc18342ac83b638d340a9742607') in 0.011977 seconds
  Import took 0.014855 seconds .

========================================================================
Received Prepare
Registering precompiled user dll's ...
Registered in 0.000848 seconds.
Begin MonoManager ReloadAssembly
Native extension for LinuxStandalone target not found
Native extension for WindowsStandalone target not found
Native extension for OSXStandalone target not found
Refreshing native plugins compatible for Editor in 0.31 ms, found 0 plugins.
Preloading 0 native plugins for Editor in 0.00 ms.
Invoked RoslynAnalysisRunner static constructor.
RoslynAnalysisRunner will not be running.
RoslynAnalysisRunner has terminated.
Mono: successfully reloaded assembly
- Completed reload, in  0.861 seconds
Platform modules already initialized, skipping
Refreshing native plugins compatible for Editor in 0.36 ms, found 0 plugins.
Preloading 0 native plugins for Editor in 0.00 ms.
Unloading 1243 Unused Serialized files (Serialized files now loaded: 0)
System memory in use before: 62.9 MB.
System memory in use after: 63.0 MB.

Unloading 6 unused Assets to reduce memory usage. Loaded Objects now: 1717.
Total: 1.803100 ms (FindLiveObjects: 0.162600 ms CreateObjectMapping: 0.028900 ms MarkObjects: 1.546800 ms  DeleteObjects: 0.063800 ms)

========================================================================
Received Import Request.
  Time since last request: 58.330661 seconds.
  path: Assets/Animations/stefani@Crazy Gesture.fbx
  artifactKey: Guid(048db7872f1e0cb47aff74890d255987) Importer(815301076,1909f56bfc062723c751e8b465ee728b)
Start importing Assets/Animations/stefani@Crazy Gesture.fbx using Guid(048db7872f1e0cb47aff74890d255987) Importer(815301076,1909f56bfc062723c751e8b465ee728b)  -> (artifact id: 'a8f0ee2d906bfa7c62ddf7991da94fcf') in 0.033249 seconds
  Import took 0.036345 seconds .

========================================================================
Received Import Request.
  Time since last request: 0.000660 seconds.
  path: Assets/Animations/stefani@Crazy Gesture.fbx
  artifactKey: Guid(048db7872f1e0cb47aff74890d255987) Importer(815301076,1909f56bfc062723c751e8b465ee728b)
Start importing Assets/Animations/stefani@Crazy Gesture.fbx using Guid(048db7872f1e0cb47aff74890d255987) Importer(815301076,1909f56bfc062723c751e8b465ee728b)  -> (artifact id: 'a8f0ee2d906bfa7c62ddf7991da94fcf') in 0.005939 seconds
  Import took 0.008303 seconds .

========================================================================
Received Import Request.
  Time since last request: 169.460858 seconds.
  path: Assets/Animations/stefani@Crazy Gesture (1).fbx
  artifactKey: Guid(7b5e3d350121de3438d10a820b99ded9) Importer(815301076,1909f56bfc062723c751e8b465ee728b)
Start importing Assets/Animations/stefani@Crazy Gesture (1).fbx using Guid(7b5e3d350121de3438d10a820b99ded9) Importer(815301076,1909f56bfc062723c751e8b465ee728b)  -> (artifact id: '69167bd688e76e3ed94a2cb6d31c1204') in 0.266224 seconds
  Import took 0.270412 seconds .

========================================================================
Received Prepare
Registering precompiled user dll's ...
Registered in 0.000673 seconds.
Begin MonoManager ReloadAssembly
Native extension for LinuxStandalone target not found
Native extension for WindowsStandalone target not found
Native extension for OSXStandalone target not found
Refreshing native plugins compatible for Editor in 0.32 ms, found 0 plugins.
Preloading 0 native plugins for Editor in 0.00 ms.
Invoked RoslynAnalysisRunner static constructor.
RoslynAnalysisRunner will not be running.
RoslynAnalysisRunner has terminated.
Mono: successfully reloaded assembly
- Completed reload, in  0.797 seconds
Platform modules already initialized, skipping
Refreshing native plugins compatible for Editor in 0.28 ms, found 0 plugins.
Preloading 0 native plugins for Editor in 0.00 ms.
Unloading 1243 Unused Serialized files (Serialized files now loaded: 0)
System memory in use before: 77.7 MB.
System memory in use after: 77.8 MB.

Unloading 6 unused Assets to reduce memory usage. Loaded Objects now: 1763.
Total: 1.801700 ms (FindLiveObjects: 0.178600 ms CreateObjectMapping: 0.030200 ms MarkObjects: 1.533900 ms  DeleteObjects: 0.058200 ms)

========================================================================
Received Prepare
Registering precompiled user dll's ...
Registered in 0.000666 seconds.
Begin MonoManager ReloadAssembly
Native extension for LinuxStandalone target not found
Native extension for WindowsStandalone target not found
Native extension for OSXStandalone target not found
Refreshing native plugins compatible for Editor in 0.28 ms, found 0 plugins.
Preloading 0 native plugins for Editor in 0.00 ms.
Invoked RoslynAnalysisRunner static constructor.
RoslynAnalysisRunner will not be running.
RoslynAnalysisRunner has terminated.
Mono: successfully reloaded assembly
- Completed reload, in  0.786 seconds
Platform modules already initialized, skipping
Refreshing native plugins compatible for Editor in 0.29 ms, found 0 plugins.
Preloading 0 native plugins for Editor in 0.00 ms.
Unloading 1243 Unused Serialized files (Serialized files now loaded: 0)
System memory in use before: 77.9 MB.
System memory in use after: 78.0 MB.

Unloading 6 unused Assets to reduce memory usage. Loaded Objects now: 1765.
Total: 1.814800 ms (FindLiveObjects: 0.166100 ms CreateObjectMapping: 0.031200 ms MarkObjects: 1.548700 ms  DeleteObjects: 0.067600 ms)

========================================================================
Received Import Request.
  Time since last request: 111.179014 seconds.
  path: Assets/Stephanie/stefani@Crazy Gesture (1).fbx
  artifactKey: Guid(7b5e3d350121de3438d10a820b99ded9) Importer(815301076,1909f56bfc062723c751e8b465ee728b)
Start importing Assets/Stephanie/stefani@Crazy Gesture (1).fbx using Guid(7b5e3d350121de3438d10a820b99ded9) Importer(815301076,1909f56bfc062723c751e8b465ee728b)  -> (artifact id: '2a0d7cd160ba0d1e61ac351031235ed8') in 0.200926 seconds
  Import took 0.205018 seconds .

========================================================================
Received Import Request.
  Time since last request: 9.542405 seconds.
  path: Assets/Stephanie/stefani@Crazy Gesture (1).fbx
  artifactKey: Guid(7b5e3d350121de3438d10a820b99ded9) Importer(815301076,1909f56bfc062723c751e8b465ee728b)
Start importing Assets/Stephanie/stefani@Crazy Gesture (1).fbx using Guid(7b5e3d350121de3438d10a820b99ded9) Importer(815301076,1909f56bfc062723c751e8b465ee728b)  -> (artifact id: 'b83ce4c1782f4d235ad0c3c20f823c6d') in 0.139367 seconds
  Import took 0.144251 seconds .

========================================================================
Received Import Request.
  Time since last request: 7.253241 seconds.
  path: Assets/Stephanie/stefani@Crazy Gesture (1).fbx
  artifactKey: Guid(7b5e3d350121de3438d10a820b99ded9) Importer(815301076,1909f56bfc062723c751e8b465ee728b)
Start importing Assets/Stephanie/stefani@Crazy Gesture (1).fbx using Guid(7b5e3d350121de3438d10a820b99ded9) Importer(815301076,1909f56bfc062723c751e8b465ee728b)  -> (artifact id: 'cfb0cb2166f7d9129d13a00420e0d926') in 0.109151 seconds
  Import took 0.113345 seconds .

========================================================================
Received Import Request.
  Time since last request: 31.995289 seconds.
  path: Assets/Stephanie/stefani@Crazy Gesture (1).fbx
  artifactKey: Guid(7b5e3d350121de3438d10a820b99ded9) Importer(815301076,1909f56bfc062723c751e8b465ee728b)
Start importing Assets/Stephanie/stefani@Crazy Gesture (1).fbx using Guid(7b5e3d350121de3438d10a820b99ded9) Importer(815301076,1909f56bfc062723c751e8b465ee728b)  -> (artifact id: 'f456076af05f773945b287d1b13bdfef') in 0.108623 seconds
  Import took 0.112683 seconds .

========================================================================
Received Import Request.
  Time since last request: 234.028428 seconds.
  path: Assets/Animations/stefani@Crazy Gesture (1).controller
  artifactKey: Guid(d7833b2e3142eb34faa22cc4e0edb43a) Importer(815301076,1909f56bfc062723c751e8b465ee728b)
Start importing Assets/Animations/stefani@Crazy Gesture (1).controller using Guid(d7833b2e3142eb34faa22cc4e0edb43a) Importer(815301076,1909f56bfc062723c751e8b465ee728b)  -> (artifact id: 'fa837acb60c17ea430e2c6ea49d240f0') in 0.003504 seconds
  Import took 0.005913 seconds .

========================================================================
Received Import Request.
  Time since last request: 234.867165 seconds.
  path: Assets/Animations/Tire.controller
  artifactKey: Guid(26b96d75b171d2042bf64d4ab5c55370) Importer(815301076,1909f56bfc062723c751e8b465ee728b)
Start importing Assets/Animations/Tire.controller using Guid(26b96d75b171d2042bf64d4ab5c55370) Importer(815301076,1909f56bfc062723c751e8b465ee728b)  -> (artifact id: 'dab824bd4507b871ece0292d670e2552') in 0.027061 seconds
  Import took 0.029456 seconds .

========================================================================
Received Prepare
Registering precompiled user dll's ...
Registered in 0.000644 seconds.
Begin MonoManager ReloadAssembly
Native extension for LinuxStandalone target not found
Native extension for WindowsStandalone target not found
Native extension for OSXStandalone target not found
Refreshing native plugins compatible for Editor in 0.29 ms, found 0 plugins.
Preloading 0 native plugins for Editor in 0.00 ms.
Invoked RoslynAnalysisRunner static constructor.
RoslynAnalysisRunner will not be running.
RoslynAnalysisRunner has terminated.
Mono: successfully reloaded assembly
- Completed reload, in  0.789 seconds
Platform modules already initialized, skipping
Refreshing native plugins compatible for Editor in 0.29 ms, found 0 plugins.
Preloading 0 native plugins for Editor in 0.00 ms.
Unloading 1243 Unused Serialized files (Serialized files now loaded: 0)
System memory in use before: 78.3 MB.
System memory in use after: 78.4 MB.

Unloading 6 unused Assets to reduce memory usage. Loaded Objects now: 1768.
Total: 1.836200 ms (FindLiveObjects: 0.180200 ms CreateObjectMapping: 0.030400 ms MarkObjects: 1.561700 ms  DeleteObjects: 0.063100 ms)

========================================================================
Received Prepare
Registering precompiled user dll's ...
Registered in 0.000723 seconds.
Begin MonoManager ReloadAssembly
Native extension for LinuxStandalone target not found
Native extension for WindowsStandalone target not found
Native extension for OSXStandalone target not found
Refreshing native plugins compatible for Editor in 0.30 ms, found 0 plugins.
Preloading 0 native plugins for Editor in 0.00 ms.
Invoked RoslynAnalysisRunner static constructor.
RoslynAnalysisRunner will not be running.
RoslynAnalysisRunner has terminated.
Mono: successfully reloaded assembly
- Completed reload, in  0.784 seconds
Platform modules already initialized, skipping
Refreshing native plugins compatible for Editor in 0.32 ms, found 0 plugins.
Preloading 0 native plugins for Editor in 0.00 ms.
Unloading 1243 Unused Serialized files (Serialized files now loaded: 0)
System memory in use before: 77.6 MB.
System memory in use after: 77.7 MB.

Unloading 6 unused Assets to reduce memory usage. Loaded Objects now: 1770.
Total: 1.780900 ms (FindLiveObjects: 0.174400 ms CreateObjectMapping: 0.031200 ms MarkObjects: 1.512100 ms  DeleteObjects: 0.062200 ms)

AssetImportWorkerClient::OnTransportError - code=2 error=End of file
